<?xml version="1.0" encoding="UTF-8"?>
<testng-results ignored="0" total="1" passed="1" failed="0" skipped="0">
  <reporter-output>
  </reporter-output>
  <suite started-at="2021-03-18T15:49:57 SGT" name="Surefire suite" finished-at="2021-03-18T15:49:58 SGT" duration-ms="38">
    <groups>
    </groups>
    <test started-at="2021-03-18T15:49:57 SGT" name="Surefire test" finished-at="2021-03-18T15:49:58 SGT" duration-ms="38">
      <class name="Emapta.Exam.AppTest">
        <test-method signature="shouldAnswerWithTrue()" started-at="2021-03-18T15:49:58 SGT" name="shouldAnswerWithTrue" finished-at="2021-03-18T15:49:58 SGT" duration-ms="6" status="PASS">
          <reporter-output>
          </reporter-output>
        </test-method> <!-- shouldAnswerWithTrue -->
      </class> <!-- Emapta.Exam.AppTest -->
    </test> <!-- Surefire test -->
  </suite> <!-- Surefire suite -->
</testng-results>
