<?xml version="1.0" encoding="UTF-8"?>
<!-- Generated by org.testng.reporters.JUnitXMLReporter -->
<testsuite ignored="0" hostname="RYANESC01" failures="0" tests="8" name="Default test" time="90.581" errors="0" timestamp="2021-03-18T15:35:09 SGT">
  <testcase classname="Emapta.Exam.Page" name="validation" time="21.917"/>
  <testcase classname="Emapta.Exam.Page" name="validation1" time="8.831"/>
  <testcase classname="Emapta.Exam.Page" name="validation2" time="9.226"/>
  <testcase classname="Emapta.Exam.Page" name="validation3" time="9.287"/>
  <testcase classname="Emapta.Exam.Page" name="validation4" time="10.66"/>
  <testcase classname="Emapta.Exam.Page" name="validation5" time="9.792"/>
  <testcase classname="Emapta.Exam.Page" name="validation6" time="9.591"/>
  <testcase classname="Emapta.Exam.Page" name="validation7" time="8.909"/>
</testsuite> <!-- Default test -->
