<?xml version="1.0" encoding="UTF-8"?>
<!-- Generated by org.testng.reporters.JUnitXMLReporter -->
<testsuite ignored="0" hostname="RYANESC01" failures="0" tests="8" name="Surefire test" time="101.027" errors="0" timestamp="2021-03-18T15:49:57 SGT">
  <testcase classname="Emapta.Exam.PageTest" name="validation" time="21.336"/>
  <testcase classname="Emapta.Exam.PageTest" name="validation1" time="8.885"/>
  <testcase classname="Emapta.Exam.PageTest" name="validation2" time="10.953"/>
  <testcase classname="Emapta.Exam.PageTest" name="validation3" time="10.169"/>
  <testcase classname="Emapta.Exam.PageTest" name="validation4" time="12.649"/>
  <testcase classname="Emapta.Exam.PageTest" name="validation5" time="10.215"/>
  <testcase classname="Emapta.Exam.PageTest" name="validation6" time="13.39"/>
  <testcase classname="Emapta.Exam.PageTest" name="validation7" time="10.22"/>
</testsuite> <!-- Surefire test -->
