<?xml version="1.0" encoding="UTF-8"?>
<testng-results ignored="0" total="8" passed="8" failed="0" skipped="0">
  <reporter-output>
  </reporter-output>
  <suite started-at="2021-03-18T15:48:16 SGT" name="Surefire suite" finished-at="2021-03-18T15:49:57 SGT" duration-ms="101027">
    <groups>
    </groups>
    <test started-at="2021-03-18T15:48:16 SGT" name="Surefire test" finished-at="2021-03-18T15:49:57 SGT" duration-ms="101027">
      <class name="Emapta.Exam.PageTest">
        <test-method is-config="true" signature="PageTest1()[pri:0, instance:Emapta.Exam.PageTest@6a396c1e]" started-at="2021-03-18T15:48:16 SGT" name="PageTest1" finished-at="2021-03-18T15:48:19 SGT" duration-ms="3123" status="PASS">
          <reporter-output>
          </reporter-output>
        </test-method> <!-- PageTest1 -->
        <test-method signature="validation()[pri:0, instance:Emapta.Exam.PageTest@6a396c1e]" started-at="2021-03-18T15:48:20 SGT" name="validation" finished-at="2021-03-18T15:48:41 SGT" duration-ms="21336" status="PASS">
          <reporter-output>
          </reporter-output>
        </test-method> <!-- validation -->
        <test-method signature="validation1()[pri:0, instance:Emapta.Exam.PageTest@6a396c1e]" started-at="2021-03-18T15:48:41 SGT" name="validation1" finished-at="2021-03-18T15:48:50 SGT" duration-ms="8885" status="PASS">
          <reporter-output>
          </reporter-output>
        </test-method> <!-- validation1 -->
        <test-method signature="validation2()[pri:0, instance:Emapta.Exam.PageTest@6a396c1e]" started-at="2021-03-18T15:48:50 SGT" name="validation2" finished-at="2021-03-18T15:49:01 SGT" duration-ms="10953" status="PASS">
          <reporter-output>
          </reporter-output>
        </test-method> <!-- validation2 -->
        <test-method signature="validation3()[pri:0, instance:Emapta.Exam.PageTest@6a396c1e]" started-at="2021-03-18T15:49:01 SGT" name="validation3" finished-at="2021-03-18T15:49:11 SGT" duration-ms="10169" status="PASS">
          <reporter-output>
          </reporter-output>
        </test-method> <!-- validation3 -->
        <test-method signature="validation4()[pri:0, instance:Emapta.Exam.PageTest@6a396c1e]" started-at="2021-03-18T15:49:11 SGT" name="validation4" finished-at="2021-03-18T15:49:24 SGT" duration-ms="12649" status="PASS">
          <reporter-output>
          </reporter-output>
        </test-method> <!-- validation4 -->
        <test-method signature="validation5()[pri:0, instance:Emapta.Exam.PageTest@6a396c1e]" started-at="2021-03-18T15:49:24 SGT" name="validation5" finished-at="2021-03-18T15:49:34 SGT" duration-ms="10215" status="PASS">
          <reporter-output>
          </reporter-output>
        </test-method> <!-- validation5 -->
        <test-method signature="validation6()[pri:0, instance:Emapta.Exam.PageTest@6a396c1e]" started-at="2021-03-18T15:49:34 SGT" name="validation6" finished-at="2021-03-18T15:49:47 SGT" duration-ms="13390" status="PASS">
          <reporter-output>
          </reporter-output>
        </test-method> <!-- validation6 -->
        <test-method signature="validation7()[pri:0, instance:Emapta.Exam.PageTest@6a396c1e]" started-at="2021-03-18T15:49:47 SGT" name="validation7" finished-at="2021-03-18T15:49:57 SGT" duration-ms="10220" status="PASS">
          <reporter-output>
          </reporter-output>
        </test-method> <!-- validation7 -->
      </class> <!-- Emapta.Exam.PageTest -->
    </test> <!-- Surefire test -->
  </suite> <!-- Surefire suite -->
</testng-results>
