<?xml version="1.0" encoding="UTF-8"?>
<testng-results ignored="0" total="8" passed="8" failed="0" skipped="0">
  <reporter-output>
  </reporter-output>
  <suite started-at="2021-03-18T15:33:38 SGT" name="Default suite" finished-at="2021-03-18T15:35:09 SGT" duration-ms="90581">
    <groups>
    </groups>
    <test started-at="2021-03-18T15:33:38 SGT" name="Default test" finished-at="2021-03-18T15:35:09 SGT" duration-ms="90581">
      <class name="Emapta.Exam.Page">
        <test-method is-config="true" signature="PageTest()[pri:0, instance:Emapta.Exam.Page@c03cf28]" started-at="2021-03-18T15:33:38 SGT" name="PageTest" finished-at="2021-03-18T15:33:40 SGT" duration-ms="2260" status="PASS">
          <reporter-output>
          </reporter-output>
        </test-method> <!-- PageTest -->
        <test-method signature="validation()[pri:0, instance:Emapta.Exam.Page@c03cf28]" started-at="2021-03-18T15:33:40 SGT" name="validation" finished-at="2021-03-18T15:34:02 SGT" duration-ms="21917" status="PASS">
          <reporter-output>
          </reporter-output>
        </test-method> <!-- validation -->
        <test-method signature="validation1()[pri:0, instance:Emapta.Exam.Page@c03cf28]" started-at="2021-03-18T15:34:02 SGT" name="validation1" finished-at="2021-03-18T15:34:11 SGT" duration-ms="8831" status="PASS">
          <reporter-output>
          </reporter-output>
        </test-method> <!-- validation1 -->
        <test-method signature="validation2()[pri:0, instance:Emapta.Exam.Page@c03cf28]" started-at="2021-03-18T15:34:11 SGT" name="validation2" finished-at="2021-03-18T15:34:20 SGT" duration-ms="9226" status="PASS">
          <reporter-output>
          </reporter-output>
        </test-method> <!-- validation2 -->
        <test-method signature="validation3()[pri:0, instance:Emapta.Exam.Page@c03cf28]" started-at="2021-03-18T15:34:20 SGT" name="validation3" finished-at="2021-03-18T15:34:30 SGT" duration-ms="9287" status="PASS">
          <reporter-output>
          </reporter-output>
        </test-method> <!-- validation3 -->
        <test-method signature="validation4()[pri:0, instance:Emapta.Exam.Page@c03cf28]" started-at="2021-03-18T15:34:30 SGT" name="validation4" finished-at="2021-03-18T15:34:40 SGT" duration-ms="10660" status="PASS">
          <reporter-output>
          </reporter-output>
        </test-method> <!-- validation4 -->
        <test-method signature="validation5()[pri:0, instance:Emapta.Exam.Page@c03cf28]" started-at="2021-03-18T15:34:40 SGT" name="validation5" finished-at="2021-03-18T15:34:50 SGT" duration-ms="9792" status="PASS">
          <reporter-output>
          </reporter-output>
        </test-method> <!-- validation5 -->
        <test-method signature="validation6()[pri:0, instance:Emapta.Exam.Page@c03cf28]" started-at="2021-03-18T15:34:50 SGT" name="validation6" finished-at="2021-03-18T15:35:00 SGT" duration-ms="9591" status="PASS">
          <reporter-output>
          </reporter-output>
        </test-method> <!-- validation6 -->
        <test-method signature="validation7()[pri:0, instance:Emapta.Exam.Page@c03cf28]" started-at="2021-03-18T15:35:00 SGT" name="validation7" finished-at="2021-03-18T15:35:09 SGT" duration-ms="8909" status="PASS">
          <reporter-output>
          </reporter-output>
        </test-method> <!-- validation7 -->
      </class> <!-- Emapta.Exam.Page -->
    </test> <!-- Default test -->
  </suite> <!-- Default suite -->
</testng-results>
